<?xml version="1.0" encoding="UTF-8"?>
<!-- Generated by org.testng.reporters.JUnitReportReporter -->
<testsuite hostname="DESKTOP-O4HUURF" failures="0" tests="2" name="testcases.CreateLead" time="24.510" errors="0" timestamp="2022-01-08T17:37:13 IST" skipped="0">
  <testcase classname="testcases.CreateLead" name="runCreateLead" time="11.338"/>
  <system-out/>
  <testcase classname="testcases.CreateLead" name="runCreateLead" time="13.172"/>
  <system-out/>
</testsuite> <!-- testcases.CreateLead -->
