<?xml version="1.0" encoding="UTF-8"?>
<!-- Generated by org.testng.reporters.JUnitReportReporter -->
<testsuite hostname="DESKTOP-O4HUURF" failures="0" tests="2" name="testcases.VerifyLogin" time="8.315" errors="0" timestamp="2022-01-08T17:42:07 IST" skipped="0">
  <testcase classname="testcases.VerifyLogin" name="runLogin" time="5.223"/>
  <system-out/>
  <testcase classname="testcases.VerifyLogin" name="runLogin" time="3.092"/>
  <system-out/>
</testsuite> <!-- testcases.VerifyLogin -->
